2023-09-09 14:41:45,191 - root - INFO - Calling function: add
2023-09-09 14:41:45,191 - root - INFO - Function result: 8
2023-09-09 14:41:45,192 - root - INFO - Calling function: subtract
2023-09-09 14:41:45,192 - root - INFO - Function result: 6
2023-09-09 14:54:29,795 - root - INFO - Calling function: add
2023-09-09 14:54:29,795 - root - INFO - args is:
2023-09-09 14:54:29,796 - root - INFO - Function result: 8
2023-09-09 14:54:29,796 - root - INFO - Calling function: subtract
2023-09-09 14:54:29,796 - root - INFO - args is:
2023-09-09 14:54:29,796 - root - INFO - Function result: 6
2023-09-09 14:55:37,287 - root - INFO - Calling function: add
2023-09-09 14:56:05,239 - root - INFO - Calling function: add
2023-09-09 14:56:26,659 - root - INFO - Calling function: add
2023-09-09 14:56:26,659 - root - INFO - args is:5 3 
2023-09-09 14:56:26,659 - root - INFO - Function result: 8
2023-09-09 14:56:26,659 - root - INFO - Calling function: subtract
2023-09-09 14:56:26,659 - root - INFO - args is:10 4 
2023-09-09 14:56:26,659 - root - INFO - Function result: 6
2023-09-09 14:57:28,863 - root - INFO - Calling function: add
2023-09-09 14:57:28,863 - root - INFO - Function args is:5 3  and result: 8
2023-09-09 14:57:28,863 - root - INFO - Calling function: subtract
2023-09-09 14:57:28,863 - root - INFO - Function args is:10 4  and result: 6
2023-09-09 14:58:04,793 - root - INFO - Calling function: add
2023-09-09 14:58:04,793 - root - INFO - Function args is:8 6  and result: 14
2023-09-09 14:58:04,793 - root - INFO - Calling function: subtract
2023-09-09 14:58:04,793 - root - INFO - Function args is:9 3  and result: 6
